2026-01-06 22:20:06 - Webhook recebido: {"id":"e1a17db1-9d60-465b-a5a4-057fe4b87047","event_type":"solo.transaction.updated","payload":{"client_transaction_id":"ed981ed2-c221-4c2a-bada-df9e58fde707","merchant_code":"MCTSYDUE","status":"failed","transaction_id":"ce7feab2-80b4-43e8-80ab-facdb28f6412"},"timestamp":"2026-01-07T01:20:06.161932Z"}
2026-01-06 22:20:06 - Erro: SQLSTATE[42S22]: Column not found: 1054 Unknown column 'transaction_id' in 'field list'
2026-01-06 22:21:11 - Webhook recebido: {"id":"e1a17db1-9d60-465b-a5a4-057fe4b87047","event_type":"solo.transaction.updated","payload":{"client_transaction_id":"ed981ed2-c221-4c2a-bada-df9e58fde707","merchant_code":"MCTSYDUE","status":"failed","transaction_id":"ce7feab2-80b4-43e8-80ab-facdb28f6412"},"timestamp":"2026-01-07T01:20:06.161932Z"}
2026-01-06 22:21:11 - Webhook duplicado ignorado: ed981ed2-c221-4c2a-bada-df9e58fde707
2026-01-06 22:26:30 - Webhook recebido: {"id":"76bdf94d-6a62-4201-96c7-23d98b7740eb","status":"SUCCESSFUL","event_type":"CHECKOUT_STATUS_CHANGED"}
2026-01-06 22:26:30 - Pedido não encontrado: 76bdf94d-6a62-4201-96c7-23d98b7740eb
2026-01-06 22:31:00 - Webhook recebido: {"id":"ed981ed2-c221-4c2a-bada-df9e58fde707","status":"SUCCESSFUL","event_type":"CHECKOUT_STATUS_CHANGED"}
2026-01-06 22:31:00 - Webhook duplicado ignorado: ed981ed2-c221-4c2a-bada-df9e58fde707
2026-01-06 22:31:18 - Webhook recebido: {"id":"ed981ed2-c221-4c2a-bada-df9e58fde707","status":"SUCCESSFUL","event_type":"CHECKOUT_STATUS_CHANGED"}
2026-01-06 22:31:18 - Erro: SQLSTATE[42S22]: Column not found: 1054 Unknown column 'transaction_id' in 'field list'
2026-01-06 22:32:52 - Webhook recebido: {"id":"ed981ed2-c221-4c2a-bada-df9e58fde707","status":"SUCCESSFUL","event_type":"CHECKOUT_STATUS_CHANGED"}
2026-01-06 22:32:52 - Order atualizada: ed981ed2-c221-4c2a-bada-df9e58fde707 -> SUCCESSFUL
2026-01-06 22:34:04 - Webhook recebido: {"id":"45b4bf89-bc0a-4a6e-821e-117c03df68d9","event_type":"solo.transaction.updated","payload":{"client_transaction_id":"b2defb51-c092-493c-b6bd-2d7203fdb823","merchant_code":"MCTSYDUE","status":"successful","transaction_id":"e08211ac-c5c2-47d7-b365-ef16aa7caef1"},"timestamp":"2026-01-07T01:34:03.500882Z"}
2026-01-06 22:34:04 - Order atualizada: b2defb51-c092-493c-b6bd-2d7203fdb823 -> SUCCESSFUL
2026-01-06 22:36:56 - Webhook recebido: {"id":"fbb579da-3fc6-4e90-a13a-c18dbc866649","event_type":"solo.transaction.updated","payload":{"client_transaction_id":"0bcb55d6-2765-46ed-ae03-f4d8985059aa","merchant_code":"MCTSYDUE","status":"failed","transaction_id":"396edc2c-3ebe-4575-8e8d-1be0cdaba1db"},"timestamp":"2026-01-07T01:36:55.934547Z"}
2026-01-06 22:36:56 - Webhook duplicado ignorado: 0bcb55d6-2765-46ed-ae03-f4d8985059aa
2026-01-21 22:33:48 - Webhook recebido: {"id":"d39859dc-44b7-4674-9395-a4b8c9f067ce","event_type":"solo.transaction.updated","payload":{"client_transaction_id":"25f6f51b-6b37-4140-8d69-46a9bb6c3b75","merchant_code":"MCTSYDUE","status":"failed","transaction_id":null},"timestamp":"2026-01-22T01:33:47.726783Z"}
2026-01-21 22:33:48 - Pedido não encontrado: 25f6f51b-6b37-4140-8d69-46a9bb6c3b75
2026-01-21 22:34:53 - Webhook recebido: {"id":"d39859dc-44b7-4674-9395-a4b8c9f067ce","event_type":"solo.transaction.updated","payload":{"client_transaction_id":"25f6f51b-6b37-4140-8d69-46a9bb6c3b75","merchant_code":"MCTSYDUE","status":"failed","transaction_id":null},"timestamp":"2026-01-22T01:33:47.726783Z"}
2026-01-21 22:34:53 - Pedido não encontrado: 25f6f51b-6b37-4140-8d69-46a9bb6c3b75
2026-01-21 22:35:24 - Webhook recebido: {"id":"f94b9000-dd44-4108-a038-cc5c7fc0483a","event_type":"solo.transaction.updated","payload":{"client_transaction_id":"374ba0a2-29c0-4d4b-bc47-b0d3ecaa0744","merchant_code":"MCTSYDUE","status":"failed","transaction_id":null},"timestamp":"2026-01-22T01:35:24.313817Z"}
2026-01-21 22:35:24 - Pedido não encontrado: 374ba0a2-29c0-4d4b-bc47-b0d3ecaa0744
2026-01-21 22:36:29 - Webhook recebido: {"id":"f94b9000-dd44-4108-a038-cc5c7fc0483a","event_type":"solo.transaction.updated","payload":{"client_transaction_id":"374ba0a2-29c0-4d4b-bc47-b0d3ecaa0744","merchant_code":"MCTSYDUE","status":"failed","transaction_id":null},"timestamp":"2026-01-22T01:35:24.313817Z"}
2026-01-21 22:36:29 - Pedido não encontrado: 374ba0a2-29c0-4d4b-bc47-b0d3ecaa0744
2026-01-21 22:37:01 - Webhook recebido: {"id":"d39859dc-44b7-4674-9395-a4b8c9f067ce","event_type":"solo.transaction.updated","payload":{"client_transaction_id":"25f6f51b-6b37-4140-8d69-46a9bb6c3b75","merchant_code":"MCTSYDUE","status":"failed","transaction_id":null},"timestamp":"2026-01-22T01:33:47.726783Z"}
2026-01-21 22:37:01 - Pedido não encontrado: 25f6f51b-6b37-4140-8d69-46a9bb6c3b75
2026-01-21 22:38:38 - Webhook recebido: {"id":"f94b9000-dd44-4108-a038-cc5c7fc0483a","event_type":"solo.transaction.updated","payload":{"client_transaction_id":"374ba0a2-29c0-4d4b-bc47-b0d3ecaa0744","merchant_code":"MCTSYDUE","status":"failed","transaction_id":null},"timestamp":"2026-01-22T01:35:24.313817Z"}
2026-01-21 22:38:38 - Pedido não encontrado: 374ba0a2-29c0-4d4b-bc47-b0d3ecaa0744
2026-01-21 22:38:39 - Webhook recebido: {"id":"3dc29bc6-378d-41af-aa43-2dffa8008332","event_type":"solo.transaction.updated","payload":{"client_transaction_id":"af66b987-d28a-4e72-9b8a-d84c027f9fd7","merchant_code":"MCTSYDUE","status":"failed","transaction_id":"9f20b0a9-6ab1-4b6a-a30c-eadb0e46e285"},"timestamp":"2026-01-22T01:38:39.262511Z"}
2026-01-21 22:38:39 - Pedido não encontrado: af66b987-d28a-4e72-9b8a-d84c027f9fd7
2026-01-21 22:39:44 - Webhook recebido: {"id":"3dc29bc6-378d-41af-aa43-2dffa8008332","event_type":"solo.transaction.updated","payload":{"client_transaction_id":"af66b987-d28a-4e72-9b8a-d84c027f9fd7","merchant_code":"MCTSYDUE","status":"failed","transaction_id":"9f20b0a9-6ab1-4b6a-a30c-eadb0e46e285"},"timestamp":"2026-01-22T01:38:39.262511Z"}
2026-01-21 22:39:44 - Pedido não encontrado: af66b987-d28a-4e72-9b8a-d84c027f9fd7
2026-01-21 22:41:18 - Webhook recebido: {"id":"d39859dc-44b7-4674-9395-a4b8c9f067ce","event_type":"solo.transaction.updated","payload":{"client_transaction_id":"25f6f51b-6b37-4140-8d69-46a9bb6c3b75","merchant_code":"MCTSYDUE","status":"failed","transaction_id":null},"timestamp":"2026-01-22T01:33:47.726783Z"}
2026-01-21 22:41:18 - Pedido não encontrado: 25f6f51b-6b37-4140-8d69-46a9bb6c3b75
2026-01-21 22:41:18 - Webhook recebido: {"id":"c2a7c6fd-303c-4ba0-90f2-48c602ee6cfa","event_type":"solo.transaction.updated","payload":{"client_transaction_id":"51e1966a-dfc3-4187-90b9-22d8a125a070","merchant_code":"MCTSYDUE","status":"failed","transaction_id":null},"timestamp":"2026-01-22T01:41:18.196052Z"}
2026-01-21 22:41:18 - Pedido não encontrado: 51e1966a-dfc3-4187-90b9-22d8a125a070
2026-01-21 22:41:52 - Webhook recebido: {"id":"3dc29bc6-378d-41af-aa43-2dffa8008332","event_type":"solo.transaction.updated","payload":{"client_transaction_id":"af66b987-d28a-4e72-9b8a-d84c027f9fd7","merchant_code":"MCTSYDUE","status":"failed","transaction_id":"9f20b0a9-6ab1-4b6a-a30c-eadb0e46e285"},"timestamp":"2026-01-22T01:38:39.262511Z"}
2026-01-21 22:41:52 - Pedido não encontrado: af66b987-d28a-4e72-9b8a-d84c027f9fd7
2026-01-21 22:42:23 - Webhook recebido: {"id":"c2a7c6fd-303c-4ba0-90f2-48c602ee6cfa","event_type":"solo.transaction.updated","payload":{"client_transaction_id":"51e1966a-dfc3-4187-90b9-22d8a125a070","merchant_code":"MCTSYDUE","status":"failed","transaction_id":null},"timestamp":"2026-01-22T01:41:18.196052Z"}
2026-01-21 22:42:23 - Pedido não encontrado: 51e1966a-dfc3-4187-90b9-22d8a125a070
2026-01-21 22:42:54 - Webhook recebido: {"id":"f94b9000-dd44-4108-a038-cc5c7fc0483a","event_type":"solo.transaction.updated","payload":{"client_transaction_id":"374ba0a2-29c0-4d4b-bc47-b0d3ecaa0744","merchant_code":"MCTSYDUE","status":"failed","transaction_id":null},"timestamp":"2026-01-22T01:35:24.313817Z"}
2026-01-21 22:42:54 - Pedido não encontrado: 374ba0a2-29c0-4d4b-bc47-b0d3ecaa0744
2026-01-21 22:42:57 - Webhook recebido: {"id":"3acecd2e-1e3d-47a6-88a5-bf17a6c7ed8a","event_type":"solo.transaction.updated","payload":{"client_transaction_id":"f3743727-a7b4-4fcc-bff6-5ccc4d2488e3","merchant_code":"MCTSYDUE","status":"failed","transaction_id":"bd44a973-f03d-4087-9c9c-ac6fce080e44"},"timestamp":"2026-01-22T01:42:56.984341Z"}
2026-01-21 22:42:57 - Order atualizada: f3743727-a7b4-4fcc-bff6-5ccc4d2488e3 -> FAILED
2026-01-21 22:43:24 - Webhook recebido: {"id":"ae937993-3bc1-43ed-a235-5995d84605c3","event_type":"solo.transaction.updated","payload":{"client_transaction_id":"69323dca-b377-48ed-814d-cce165c229fc","merchant_code":"MCTSYDUE","status":"failed","transaction_id":"c12d0e6d-64a5-4a38-95c1-ff368e6858c9"},"timestamp":"2026-01-22T01:43:23.850218Z"}
2026-01-21 22:43:24 - Order atualizada: 69323dca-b377-48ed-814d-cce165c229fc -> FAILED
2026-01-21 22:43:32 - Webhook recebido: {"id":"bcac0736-4e06-40b4-89cb-11796a0b8ca1","event_type":"solo.transaction.updated","payload":{"client_transaction_id":"e98f171a-12dc-4aa9-9590-a4d18ca997c3","merchant_code":"MCTSYDUE","status":"failed","transaction_id":null},"timestamp":"2026-01-22T01:43:31.987393Z"}
2026-01-21 22:43:32 - Order atualizada: e98f171a-12dc-4aa9-9590-a4d18ca997c3 -> FAILED
2026-01-21 22:43:59 - Webhook recebido: {"id":"e8b7cc9e-6023-4430-996a-0ad66c1bbf51","event_type":"solo.transaction.updated","payload":{"client_transaction_id":"d3c74cdc-03bf-46a0-afe2-45b29933fb20","merchant_code":"MCTSYDUE","status":"failed","transaction_id":null},"timestamp":"2026-01-22T01:43:59.336755Z"}
2026-01-21 22:43:59 - Order atualizada: d3c74cdc-03bf-46a0-afe2-45b29933fb20 -> FAILED
2026-01-21 22:44:31 - Webhook recebido: {"id":"c2a7c6fd-303c-4ba0-90f2-48c602ee6cfa","event_type":"solo.transaction.updated","payload":{"client_transaction_id":"51e1966a-dfc3-4187-90b9-22d8a125a070","merchant_code":"MCTSYDUE","status":"failed","transaction_id":null},"timestamp":"2026-01-22T01:41:18.196052Z"}
2026-01-21 22:44:31 - Pedido não encontrado: 51e1966a-dfc3-4187-90b9-22d8a125a070
2026-01-21 22:45:09 - Webhook recebido: {"id":"20f1993b-df2f-46f3-9db5-2353da510453","event_type":"solo.transaction.updated","payload":{"client_transaction_id":"9a9b0d34-d5ae-4211-a0a1-a4954fefa43b","merchant_code":"MCTSYDUE","status":"failed","transaction_id":null},"timestamp":"2026-01-22T01:45:09.300393Z"}
2026-01-21 22:45:09 - Order atualizada: 9a9b0d34-d5ae-4211-a0a1-a4954fefa43b -> FAILED
2026-01-21 22:46:09 - Webhook recebido: {"id":"3dc29bc6-378d-41af-aa43-2dffa8008332","event_type":"solo.transaction.updated","payload":{"client_transaction_id":"af66b987-d28a-4e72-9b8a-d84c027f9fd7","merchant_code":"MCTSYDUE","status":"failed","transaction_id":"9f20b0a9-6ab1-4b6a-a30c-eadb0e46e285"},"timestamp":"2026-01-22T01:38:39.262511Z"}
2026-01-21 22:46:09 - Pedido não encontrado: af66b987-d28a-4e72-9b8a-d84c027f9fd7
2026-01-21 22:48:48 - Webhook recebido: {"id":"c2a7c6fd-303c-4ba0-90f2-48c602ee6cfa","event_type":"solo.transaction.updated","payload":{"client_transaction_id":"51e1966a-dfc3-4187-90b9-22d8a125a070","merchant_code":"MCTSYDUE","status":"failed","transaction_id":null},"timestamp":"2026-01-22T01:41:18.196052Z"}
2026-01-21 22:48:48 - Pedido não encontrado: 51e1966a-dfc3-4187-90b9-22d8a125a070
2026-01-21 22:49:50 - Webhook recebido: {"id":"d39859dc-44b7-4674-9395-a4b8c9f067ce","event_type":"solo.transaction.updated","payload":{"client_transaction_id":"25f6f51b-6b37-4140-8d69-46a9bb6c3b75","merchant_code":"MCTSYDUE","status":"failed","transaction_id":null},"timestamp":"2026-01-22T01:33:47.726783Z"}
2026-01-21 22:49:51 - Pedido não encontrado: 25f6f51b-6b37-4140-8d69-46a9bb6c3b75
2026-01-21 22:51:27 - Webhook recebido: {"id":"f94b9000-dd44-4108-a038-cc5c7fc0483a","event_type":"solo.transaction.updated","payload":{"client_transaction_id":"374ba0a2-29c0-4d4b-bc47-b0d3ecaa0744","merchant_code":"MCTSYDUE","status":"failed","transaction_id":null},"timestamp":"2026-01-22T01:35:24.313817Z"}
2026-01-21 22:51:27 - Pedido não encontrado: 374ba0a2-29c0-4d4b-bc47-b0d3ecaa0744
2026-01-21 22:54:42 - Webhook recebido: {"id":"3dc29bc6-378d-41af-aa43-2dffa8008332","event_type":"solo.transaction.updated","payload":{"client_transaction_id":"af66b987-d28a-4e72-9b8a-d84c027f9fd7","merchant_code":"MCTSYDUE","status":"failed","transaction_id":"9f20b0a9-6ab1-4b6a-a30c-eadb0e46e285"},"timestamp":"2026-01-22T01:38:39.262511Z"}
2026-01-21 22:54:42 - Pedido não encontrado: af66b987-d28a-4e72-9b8a-d84c027f9fd7
2026-01-21 22:57:21 - Webhook recebido: {"id":"c2a7c6fd-303c-4ba0-90f2-48c602ee6cfa","event_type":"solo.transaction.updated","payload":{"client_transaction_id":"51e1966a-dfc3-4187-90b9-22d8a125a070","merchant_code":"MCTSYDUE","status":"failed","transaction_id":null},"timestamp":"2026-01-22T01:41:18.196052Z"}
2026-01-21 22:57:21 - Pedido não encontrado: 51e1966a-dfc3-4187-90b9-22d8a125a070
2026-01-21 23:06:56 - Webhook recebido: {"id":"d39859dc-44b7-4674-9395-a4b8c9f067ce","event_type":"solo.transaction.updated","payload":{"client_transaction_id":"25f6f51b-6b37-4140-8d69-46a9bb6c3b75","merchant_code":"MCTSYDUE","status":"failed","transaction_id":null},"timestamp":"2026-01-22T01:33:47.726783Z"}
2026-01-21 23:06:56 - Pedido não encontrado: 25f6f51b-6b37-4140-8d69-46a9bb6c3b75
2026-01-21 23:08:32 - Webhook recebido: {"id":"f94b9000-dd44-4108-a038-cc5c7fc0483a","event_type":"solo.transaction.updated","payload":{"client_transaction_id":"374ba0a2-29c0-4d4b-bc47-b0d3ecaa0744","merchant_code":"MCTSYDUE","status":"failed","transaction_id":null},"timestamp":"2026-01-22T01:35:24.313817Z"}
2026-01-21 23:08:32 - Pedido não encontrado: 374ba0a2-29c0-4d4b-bc47-b0d3ecaa0744
2026-01-21 23:11:47 - Webhook recebido: {"id":"3dc29bc6-378d-41af-aa43-2dffa8008332","event_type":"solo.transaction.updated","payload":{"client_transaction_id":"af66b987-d28a-4e72-9b8a-d84c027f9fd7","merchant_code":"MCTSYDUE","status":"failed","transaction_id":"9f20b0a9-6ab1-4b6a-a30c-eadb0e46e285"},"timestamp":"2026-01-22T01:38:39.262511Z"}
2026-01-21 23:11:47 - Pedido não encontrado: af66b987-d28a-4e72-9b8a-d84c027f9fd7
2026-01-21 23:14:26 - Webhook recebido: {"id":"c2a7c6fd-303c-4ba0-90f2-48c602ee6cfa","event_type":"solo.transaction.updated","payload":{"client_transaction_id":"51e1966a-dfc3-4187-90b9-22d8a125a070","merchant_code":"MCTSYDUE","status":"failed","transaction_id":null},"timestamp":"2026-01-22T01:41:18.196052Z"}
2026-01-21 23:14:26 - Pedido não encontrado: 51e1966a-dfc3-4187-90b9-22d8a125a070
2026-01-21 23:34:33 - Webhook recebido: {"id":"7facb449-52c1-40b5-8095-5b6a851c79e0","event_type":"solo.transaction.updated","payload":{"client_transaction_id":"a8b9a5aa-08ea-4501-be7f-9a9fefb8d731","merchant_code":"MCTSYDUE","status":"failed","transaction_id":null},"timestamp":"2026-01-22T02:34:33.206703Z"}
2026-01-21 23:34:33 - Order atualizada: a8b9a5aa-08ea-4501-be7f-9a9fefb8d731 -> FAILED
2026-01-21 23:41:04 - Webhook recebido: {"id":"d39859dc-44b7-4674-9395-a4b8c9f067ce","event_type":"solo.transaction.updated","payload":{"client_transaction_id":"25f6f51b-6b37-4140-8d69-46a9bb6c3b75","merchant_code":"MCTSYDUE","status":"failed","transaction_id":null},"timestamp":"2026-01-22T01:33:47.726783Z"}
2026-01-21 23:41:04 - Pedido não encontrado: 25f6f51b-6b37-4140-8d69-46a9bb6c3b75
2026-01-21 23:41:38 - Webhook recebido: {"id":"4f0f24b2-b750-46f5-8680-b509921c3511","event_type":"solo.transaction.updated","payload":{"client_transaction_id":"5f436a92-ec7e-4709-a7c2-496889569a91","merchant_code":"MCTSYDUE","status":"failed","transaction_id":"27f37fd3-2f7e-4d78-8192-16e013170419"},"timestamp":"2026-01-22T02:41:37.869225Z"}
2026-01-21 23:41:38 - Order atualizada: 5f436a92-ec7e-4709-a7c2-496889569a91 -> FAILED
2026-01-21 23:42:40 - Webhook recebido: {"id":"f94b9000-dd44-4108-a038-cc5c7fc0483a","event_type":"solo.transaction.updated","payload":{"client_transaction_id":"374ba0a2-29c0-4d4b-bc47-b0d3ecaa0744","merchant_code":"MCTSYDUE","status":"failed","transaction_id":null},"timestamp":"2026-01-22T01:35:24.313817Z"}
2026-01-21 23:42:40 - Pedido não encontrado: 374ba0a2-29c0-4d4b-bc47-b0d3ecaa0744
2026-01-21 23:45:56 - Webhook recebido: {"id":"3dc29bc6-378d-41af-aa43-2dffa8008332","event_type":"solo.transaction.updated","payload":{"client_transaction_id":"af66b987-d28a-4e72-9b8a-d84c027f9fd7","merchant_code":"MCTSYDUE","status":"failed","transaction_id":"9f20b0a9-6ab1-4b6a-a30c-eadb0e46e285"},"timestamp":"2026-01-22T01:38:39.262511Z"}
2026-01-21 23:45:56 - Pedido não encontrado: af66b987-d28a-4e72-9b8a-d84c027f9fd7
2026-01-21 23:48:19 - Webhook recebido: {"id":"62fcced3-3185-413e-835c-8aba84857a21","event_type":"solo.transaction.updated","payload":{"client_transaction_id":"97cc9fbc-eff4-4fec-82ec-0ef35d4b6e8c","merchant_code":"MCTSYDUE","status":"failed","transaction_id":"49b06738-2990-4cdc-b0b1-dfc96d26411a"},"timestamp":"2026-01-22T02:48:18.433604Z"}
2026-01-21 23:48:19 - Order atualizada: 97cc9fbc-eff4-4fec-82ec-0ef35d4b6e8c -> FAILED
2026-01-21 23:48:35 - Webhook recebido: {"id":"c2a7c6fd-303c-4ba0-90f2-48c602ee6cfa","event_type":"solo.transaction.updated","payload":{"client_transaction_id":"51e1966a-dfc3-4187-90b9-22d8a125a070","merchant_code":"MCTSYDUE","status":"failed","transaction_id":null},"timestamp":"2026-01-22T01:41:18.196052Z"}
2026-01-21 23:48:35 - Pedido não encontrado: 51e1966a-dfc3-4187-90b9-22d8a125a070
2026-01-21 23:56:04 - Webhook recebido: {"id":"63a814ff-ae33-444d-b887-9ea54dec33c1","event_type":"solo.transaction.updated","payload":{"client_transaction_id":"0be77dca-8fa1-45a8-bc43-bfaab9621897","merchant_code":"MCTSYDUE","status":"successful","transaction_id":"eca1f8f2-1406-4c0f-8d99-d665b461d473"},"timestamp":"2026-01-22T02:56:04.330805Z"}
2026-01-21 23:56:04 - Order atualizada: 0be77dca-8fa1-45a8-bc43-bfaab9621897 -> SUCCESSFUL
2026-01-22 00:49:57 - Webhook recebido: {"id":"d39859dc-44b7-4674-9395-a4b8c9f067ce","event_type":"solo.transaction.updated","payload":{"client_transaction_id":"25f6f51b-6b37-4140-8d69-46a9bb6c3b75","merchant_code":"MCTSYDUE","status":"failed","transaction_id":null},"timestamp":"2026-01-22T01:33:47.726783Z"}
2026-01-22 00:49:57 - Pedido não encontrado: 25f6f51b-6b37-4140-8d69-46a9bb6c3b75
2026-01-22 00:50:57 - Webhook recebido: {"id":"f94b9000-dd44-4108-a038-cc5c7fc0483a","event_type":"solo.transaction.updated","payload":{"client_transaction_id":"374ba0a2-29c0-4d4b-bc47-b0d3ecaa0744","merchant_code":"MCTSYDUE","status":"failed","transaction_id":null},"timestamp":"2026-01-22T01:35:24.313817Z"}
2026-01-22 00:50:57 - Pedido não encontrado: 374ba0a2-29c0-4d4b-bc47-b0d3ecaa0744
2026-01-22 00:54:13 - Webhook recebido: {"id":"3dc29bc6-378d-41af-aa43-2dffa8008332","event_type":"solo.transaction.updated","payload":{"client_transaction_id":"af66b987-d28a-4e72-9b8a-d84c027f9fd7","merchant_code":"MCTSYDUE","status":"failed","transaction_id":"9f20b0a9-6ab1-4b6a-a30c-eadb0e46e285"},"timestamp":"2026-01-22T01:38:39.262511Z"}
2026-01-22 00:54:13 - Pedido não encontrado: af66b987-d28a-4e72-9b8a-d84c027f9fd7
2026-01-22 00:56:51 - Webhook recebido: {"id":"c2a7c6fd-303c-4ba0-90f2-48c602ee6cfa","event_type":"solo.transaction.updated","payload":{"client_transaction_id":"51e1966a-dfc3-4187-90b9-22d8a125a070","merchant_code":"MCTSYDUE","status":"failed","transaction_id":null},"timestamp":"2026-01-22T01:41:18.196052Z"}
2026-01-22 00:56:51 - Pedido não encontrado: 51e1966a-dfc3-4187-90b9-22d8a125a070
2026-01-22 01:08:30 - Webhook recebido: {"id":"219f883f-2830-481c-9d82-d30b39ce0873","event_type":"solo.transaction.updated","payload":{"client_transaction_id":"dfea7366-4f5c-43b0-9de7-af9c2c80e2db","merchant_code":"MCTSYDUE","status":"failed","transaction_id":"04a28ee3-54dc-4c9f-b4ac-6a54c283c048"},"timestamp":"2026-01-22T04:08:29.492328Z"}
2026-01-22 01:08:30 - Order atualizada: dfea7366-4f5c-43b0-9de7-af9c2c80e2db -> FAILED
2026-01-22 01:09:58 - Webhook recebido: {"id":"e8e7df77-20ba-428e-a44f-76f5dd7aa1f1","event_type":"solo.transaction.updated","payload":{"client_transaction_id":"b860ddd8-e470-4890-8903-992be72df3ec","merchant_code":"MCTSYDUE","status":"failed","transaction_id":"f3e7b8c3-5ad3-49e8-8546-babf058ecca1"},"timestamp":"2026-01-22T04:09:57.765234Z"}
2026-01-22 01:09:58 - Order atualizada: b860ddd8-e470-4890-8903-992be72df3ec -> FAILED
2026-01-22 03:05:56 - Webhook recebido: {"id":"d39859dc-44b7-4674-9395-a4b8c9f067ce","event_type":"solo.transaction.updated","payload":{"client_transaction_id":"25f6f51b-6b37-4140-8d69-46a9bb6c3b75","merchant_code":"MCTSYDUE","status":"failed","transaction_id":null},"timestamp":"2026-01-22T01:33:47.726783Z"}
2026-01-22 03:05:56 - Pedido não encontrado: 25f6f51b-6b37-4140-8d69-46a9bb6c3b75
2026-01-22 03:07:32 - Webhook recebido: {"id":"f94b9000-dd44-4108-a038-cc5c7fc0483a","event_type":"solo.transaction.updated","payload":{"client_transaction_id":"374ba0a2-29c0-4d4b-bc47-b0d3ecaa0744","merchant_code":"MCTSYDUE","status":"failed","transaction_id":null},"timestamp":"2026-01-22T01:35:24.313817Z"}
2026-01-22 03:07:32 - Pedido não encontrado: 374ba0a2-29c0-4d4b-bc47-b0d3ecaa0744
2026-01-22 03:10:45 - Webhook recebido: {"id":"3dc29bc6-378d-41af-aa43-2dffa8008332","event_type":"solo.transaction.updated","payload":{"client_transaction_id":"af66b987-d28a-4e72-9b8a-d84c027f9fd7","merchant_code":"MCTSYDUE","status":"failed","transaction_id":"9f20b0a9-6ab1-4b6a-a30c-eadb0e46e285"},"timestamp":"2026-01-22T01:38:39.262511Z"}
2026-01-22 03:10:45 - Pedido não encontrado: af66b987-d28a-4e72-9b8a-d84c027f9fd7
2026-01-22 03:13:24 - Webhook recebido: {"id":"c2a7c6fd-303c-4ba0-90f2-48c602ee6cfa","event_type":"solo.transaction.updated","payload":{"client_transaction_id":"51e1966a-dfc3-4187-90b9-22d8a125a070","merchant_code":"MCTSYDUE","status":"failed","transaction_id":null},"timestamp":"2026-01-22T01:41:18.196052Z"}
2026-01-22 03:13:24 - Pedido não encontrado: 51e1966a-dfc3-4187-90b9-22d8a125a070
2026-01-22 07:39:00 - Webhook recebido: {"id":"d39859dc-44b7-4674-9395-a4b8c9f067ce","event_type":"solo.transaction.updated","payload":{"client_transaction_id":"25f6f51b-6b37-4140-8d69-46a9bb6c3b75","merchant_code":"MCTSYDUE","status":"failed","transaction_id":null},"timestamp":"2026-01-22T01:33:47.726783Z"}
2026-01-22 07:39:00 - Pedido não encontrado: 25f6f51b-6b37-4140-8d69-46a9bb6c3b75
2026-01-22 07:40:37 - Webhook recebido: {"id":"f94b9000-dd44-4108-a038-cc5c7fc0483a","event_type":"solo.transaction.updated","payload":{"client_transaction_id":"374ba0a2-29c0-4d4b-bc47-b0d3ecaa0744","merchant_code":"MCTSYDUE","status":"failed","transaction_id":null},"timestamp":"2026-01-22T01:35:24.313817Z"}
2026-01-22 07:40:37 - Pedido não encontrado: 374ba0a2-29c0-4d4b-bc47-b0d3ecaa0744
2026-01-22 07:43:50 - Webhook recebido: {"id":"3dc29bc6-378d-41af-aa43-2dffa8008332","event_type":"solo.transaction.updated","payload":{"client_transaction_id":"af66b987-d28a-4e72-9b8a-d84c027f9fd7","merchant_code":"MCTSYDUE","status":"failed","transaction_id":"9f20b0a9-6ab1-4b6a-a30c-eadb0e46e285"},"timestamp":"2026-01-22T01:38:39.262511Z"}
2026-01-22 07:43:50 - Pedido não encontrado: af66b987-d28a-4e72-9b8a-d84c027f9fd7
2026-01-22 07:46:29 - Webhook recebido: {"id":"c2a7c6fd-303c-4ba0-90f2-48c602ee6cfa","event_type":"solo.transaction.updated","payload":{"client_transaction_id":"51e1966a-dfc3-4187-90b9-22d8a125a070","merchant_code":"MCTSYDUE","status":"failed","transaction_id":null},"timestamp":"2026-01-22T01:41:18.196052Z"}
2026-01-22 07:46:29 - Pedido não encontrado: 51e1966a-dfc3-4187-90b9-22d8a125a070
2026-01-25 20:43:11 - Webhook recebido: {"id":"73037b8f-3bfd-4224-b2ee-809a183e8fcf","event_type":"solo.transaction.updated","payload":{"client_transaction_id":"616717d3-64d8-4401-add8-9735dcff9950","merchant_code":"MCTSYDUE","status":"successful","transaction_id":"603cf5be-dc57-4f31-b628-3c5d2f7857c1"},"timestamp":"2026-01-25T23:43:10.705255Z"}
2026-01-25 20:43:11 - Order atualizada: 616717d3-64d8-4401-add8-9735dcff9950 -> SUCCESSFUL
2026-01-25 20:48:51 - Webhook recebido: {"id":"83e69b68-9abc-411e-9e63-00c514e4051e","event_type":"solo.transaction.updated","payload":{"client_transaction_id":"ff39d2c9-4d33-41aa-b22d-8eabc4d7470e","merchant_code":"MCTSYDUE","status":"failed","transaction_id":"af198183-4394-4c25-a2e1-fba8e9646af2"},"timestamp":"2026-01-25T23:48:51.210123Z"}
2026-01-25 20:48:51 - Order atualizada: ff39d2c9-4d33-41aa-b22d-8eabc4d7470e -> FAILED
2026-01-25 20:49:57 - Webhook recebido: {"id":"3aabbd49-71b1-4bac-b8c4-ea04979d4318","event_type":"solo.transaction.updated","payload":{"client_transaction_id":"4d867e09-bd12-475d-bc58-822ac7854328","merchant_code":"MCTSYDUE","status":"failed","transaction_id":"302b612f-ee17-41a4-83cd-27ac1fe2258f"},"timestamp":"2026-01-25T23:49:57.329386Z"}
2026-01-25 20:49:57 - Order atualizada: 4d867e09-bd12-475d-bc58-822ac7854328 -> FAILED
2026-01-25 20:52:31 - Webhook recebido: {"id":"f4dc06ff-a0c3-44b6-b9a3-37601250290a","event_type":"solo.transaction.updated","payload":{"client_transaction_id":"cc761ca4-f766-4878-8362-b699abf403dd","merchant_code":"MCTSYDUE","status":"successful","transaction_id":"637af022-bc6a-425e-8398-60d56fa8cbd2"},"timestamp":"2026-01-25T23:52:30.757175Z"}
2026-01-25 20:52:31 - Order atualizada: cc761ca4-f766-4878-8362-b699abf403dd -> SUCCESSFUL
2026-01-25 20:57:43 - Webhook recebido: {"id":"8354cb66-33dc-40e0-a456-f63da13f8973","event_type":"solo.transaction.updated","payload":{"client_transaction_id":"9ee29656-069e-4c51-8f31-46ff0a2fc5d0","merchant_code":"MCTSYDUE","status":"successful","transaction_id":"5d8e6853-952f-4267-aa50-d3e30f727d7c"},"timestamp":"2026-01-25T23:57:42.655220Z"}
2026-01-25 20:57:43 - Order atualizada: 9ee29656-069e-4c51-8f31-46ff0a2fc5d0 -> SUCCESSFUL
2026-01-25 21:01:46 - Webhook recebido: {"id":"c61a9a73-8192-4302-a47e-74c45606657d","event_type":"solo.transaction.updated","payload":{"client_transaction_id":"d4b9b25b-913b-46f8-af02-4ab2162fccd8","merchant_code":"MCTSYDUE","status":"failed","transaction_id":null},"timestamp":"2026-01-26T00:01:45.586503Z"}
2026-01-25 21:01:46 - Order atualizada: d4b9b25b-913b-46f8-af02-4ab2162fccd8 -> FAILED
2026-01-25 21:12:18 - Webhook recebido: {"id":"bdee46b0-6b62-48b7-abf7-900a1be5b5c3","event_type":"solo.transaction.updated","payload":{"client_transaction_id":"a4d6a4b1-59bd-47e5-bf40-0c7ec8dfd16d","merchant_code":"MCTSYDUE","status":"failed","transaction_id":null},"timestamp":"2026-01-26T00:12:17.536358Z"}
2026-01-25 21:12:18 - Order atualizada: a4d6a4b1-59bd-47e5-bf40-0c7ec8dfd16d -> FAILED
2026-01-25 21:13:10 - Webhook recebido: {"id":"2f0f218e-7592-4b3e-a74f-fa22b29b0ee9","event_type":"solo.transaction.updated","payload":{"client_transaction_id":"3c5b9e27-957b-4d63-963a-d3ee41579eb7","merchant_code":"MCTSYDUE","status":"successful","transaction_id":null},"timestamp":"2026-01-26T00:13:10.351877Z"}
2026-01-25 21:13:10 - Order atualizada: 3c5b9e27-957b-4d63-963a-d3ee41579eb7 -> SUCCESSFUL
2026-01-25 21:19:21 - Webhook recebido: {"id":"0ee5b578-b908-4ba9-8790-8f9343b1c67b","event_type":"solo.transaction.updated","payload":{"client_transaction_id":"6dcdc5c7-8e4f-48e3-88d8-3a997ca2b3d3","merchant_code":"MCTSYDUE","status":"successful","transaction_id":"c8cae7a0-8d43-4a28-bd53-5547a66dd617"},"timestamp":"2026-01-26T00:19:20.886022Z"}
2026-01-25 21:19:21 - Order atualizada: 6dcdc5c7-8e4f-48e3-88d8-3a997ca2b3d3 -> SUCCESSFUL
2026-01-25 21:21:26 - Webhook recebido: {"id":"56c09bea-d467-4275-8dc6-9986414455e9","event_type":"solo.transaction.updated","payload":{"client_transaction_id":"1aba910d-b806-4a7b-9eb3-2e0505c708e9","merchant_code":"MCTSYDUE","status":"successful","transaction_id":null},"timestamp":"2026-01-26T00:21:25.669381Z"}
2026-01-25 21:21:26 - Order atualizada: 1aba910d-b806-4a7b-9eb3-2e0505c708e9 -> SUCCESSFUL
2026-01-25 21:24:47 - Webhook recebido: {"id":"da4e0325-2a97-4355-b281-a64d8b8e4934","event_type":"solo.transaction.updated","payload":{"client_transaction_id":"85bc96ca-2f45-4c7d-b42a-d82ef2a84714","merchant_code":"MCTSYDUE","status":"failed","transaction_id":null},"timestamp":"2026-01-26T00:24:46.584225Z"}
2026-01-25 21:24:47 - Order atualizada: 85bc96ca-2f45-4c7d-b42a-d82ef2a84714 -> FAILED
2026-01-25 21:26:05 - Webhook recebido: {"id":"06ea1c2c-8a36-4562-b580-52f5ddc23abd","event_type":"solo.transaction.updated","payload":{"client_transaction_id":"848fddf0-5e55-4f2a-947f-9af065f1e662","merchant_code":"MCTSYDUE","status":"failed","transaction_id":null},"timestamp":"2026-01-26T00:26:04.607172Z"}
2026-01-25 21:26:05 - Order atualizada: 848fddf0-5e55-4f2a-947f-9af065f1e662 -> FAILED
2026-01-25 21:37:59 - Webhook recebido: {"id":"7a9f9437-ee8a-4ecf-af77-4f2c63e08130","event_type":"solo.transaction.updated","payload":{"client_transaction_id":"2f4381e9-904b-4f8c-9f5e-44b3fab9b5d8","merchant_code":"MCTSYDUE","status":"failed","transaction_id":"4c62069e-3b6a-434f-97b0-43f404e8e26d"},"timestamp":"2026-01-26T00:37:59.260319Z"}
2026-01-25 21:37:59 - Order atualizada: 2f4381e9-904b-4f8c-9f5e-44b3fab9b5d8 -> FAILED
2026-01-25 21:42:29 - Webhook recebido: {"id":"80e32c50-e63e-49d1-8749-eb44c13e857f","event_type":"solo.transaction.updated","payload":{"client_transaction_id":"145ec0f2-ed37-4c39-bbe3-977481835a06","merchant_code":"MCTSYDUE","status":"successful","transaction_id":"0438e25e-154d-4aaa-9456-789aa1ccf512"},"timestamp":"2026-01-26T00:42:29.428788Z"}
2026-01-25 21:42:29 - Order atualizada: 145ec0f2-ed37-4c39-bbe3-977481835a06 -> SUCCESSFUL
2026-01-25 21:47:01 - Webhook recebido: {"id":"9c8f8791-cc40-4fd8-baf5-80a21cee6c2b","event_type":"solo.transaction.updated","payload":{"client_transaction_id":"15fdddc2-9dec-4d28-a2a8-e365dfafe18c","merchant_code":"MCTSYDUE","status":"failed","transaction_id":null},"timestamp":"2026-01-26T00:47:00.708743Z"}
2026-01-25 21:47:01 - Order atualizada: 15fdddc2-9dec-4d28-a2a8-e365dfafe18c -> FAILED
2026-01-25 22:10:41 - Webhook recebido: {"id":"3f35e8f5-e09b-4be1-b6f9-fa2fae404218","event_type":"solo.transaction.updated","payload":{"client_transaction_id":"43d2288b-63aa-4469-8b18-7ccac45e30ab","merchant_code":"MCTSYDUE","status":"successful","transaction_id":"16cef91b-2d56-4985-b443-4678ef530dcd"},"timestamp":"2026-01-26T01:10:40.634192Z"}
2026-01-25 22:10:41 - Order atualizada: 43d2288b-63aa-4469-8b18-7ccac45e30ab -> SUCCESSFUL
2026-01-31 17:52:23 - Webhook recebido: {"id":"82c5ce37-34de-4ec2-9551-119e74aa47aa","event_type":"solo.transaction.updated","payload":{"client_transaction_id":"5b5f7002-8bd4-4baa-9548-1d5e1415ce74","merchant_code":"MCTSYDUE","status":"failed","transaction_id":null},"timestamp":"2026-01-31T20:52:22.792776Z"}
2026-01-31 17:52:23 - Order atualizada: 5b5f7002-8bd4-4baa-9548-1d5e1415ce74 -> FAILED
2026-02-08 11:38:02 - Webhook recebido: {"id":"38cbddf2-a1c9-4bd4-9928-37ab90664737","status":"SUCCESSFUL","event_type":"CHECKOUT_STATUS_CHANGED"}
2026-02-08 11:38:02 - Order atualizada: 38cbddf2-a1c9-4bd4-9928-37ab90664737 -> SUCCESSFUL
2026-02-08 11:45:22 - Webhook recebido: {"id":"35cd2abd-f445-4fa3-9e54-fcb8d9246147","status":"SUCCESSFUL","event_type":"CHECKOUT_STATUS_CHANGED"}
2026-02-08 11:45:22 - Order atualizada: 35cd2abd-f445-4fa3-9e54-fcb8d9246147 -> SUCCESSFUL
2026-02-19 00:42:27 - Webhook recebido: {"id":"cdf899df-0a61-4d9d-a0b2-c50e61f09487","status":"SUCCESSFUL","event_type":"CHECKOUT_STATUS_CHANGED"}
2026-02-19 00:42:27 - Order atualizada: cdf899df-0a61-4d9d-a0b2-c50e61f09487 -> SUCCESSFUL
2026-02-20 01:58:32 - Webhook recebido: {"id":"7147432b-c17e-4ee5-8a8d-3cdfb8149eea","status":"SUCCESSFUL","event_type":"CHECKOUT_STATUS_CHANGED"}
2026-02-20 01:58:32 - Order atualizada: 7147432b-c17e-4ee5-8a8d-3cdfb8149eea -> SUCCESSFUL
2026-02-20 01:59:27 - Webhook recebido: {"id":"5f480dfe-6f48-49b7-905a-7d070da8fbd3","status":"SUCCESSFUL","event_type":"CHECKOUT_STATUS_CHANGED"}
2026-02-20 01:59:27 - Order atualizada: 5f480dfe-6f48-49b7-905a-7d070da8fbd3 -> SUCCESSFUL
2026-02-20 14:55:39 - Webhook recebido: {"id":"07f574da-e601-4a20-8153-f2c9b18a80ab","event_type":"solo.transaction.updated","payload":{"client_transaction_id":"52e722cc-7274-4d12-b3f2-f140c6871350","merchant_code":"MCTSYDUE","status":"failed","transaction_id":null},"timestamp":"2026-02-20T17:55:38.726106Z"}
2026-02-20 14:55:39 - Pedido não encontrado: 52e722cc-7274-4d12-b3f2-f140c6871350
2026-02-20 14:55:43 - Webhook recebido: {"id":"2b495b78-232a-449f-8f50-4204a3d9f0ae","event_type":"solo.transaction.updated","payload":{"client_transaction_id":"22d91832-15c4-40cd-bdca-242bdfdd4847","merchant_code":"MCTSYDUE","status":"failed","transaction_id":null},"timestamp":"2026-02-20T17:55:42.930095Z"}
2026-02-20 14:55:43 - Pedido não encontrado: 22d91832-15c4-40cd-bdca-242bdfdd4847
2026-02-20 14:56:44 - Webhook recebido: {"id":"07f574da-e601-4a20-8153-f2c9b18a80ab","event_type":"solo.transaction.updated","payload":{"client_transaction_id":"52e722cc-7274-4d12-b3f2-f140c6871350","merchant_code":"MCTSYDUE","status":"failed","transaction_id":null},"timestamp":"2026-02-20T17:55:38.726106Z"}
2026-02-20 14:56:44 - Pedido não encontrado: 52e722cc-7274-4d12-b3f2-f140c6871350
2026-02-20 14:56:47 - Webhook recebido: {"id":"2b495b78-232a-449f-8f50-4204a3d9f0ae","event_type":"solo.transaction.updated","payload":{"client_transaction_id":"22d91832-15c4-40cd-bdca-242bdfdd4847","merchant_code":"MCTSYDUE","status":"failed","transaction_id":null},"timestamp":"2026-02-20T17:55:42.930095Z"}
2026-02-20 14:56:47 - Pedido não encontrado: 22d91832-15c4-40cd-bdca-242bdfdd4847
2026-02-20 14:58:52 - Webhook recebido: {"id":"07f574da-e601-4a20-8153-f2c9b18a80ab","event_type":"solo.transaction.updated","payload":{"client_transaction_id":"52e722cc-7274-4d12-b3f2-f140c6871350","merchant_code":"MCTSYDUE","status":"failed","transaction_id":null},"timestamp":"2026-02-20T17:55:38.726106Z"}
2026-02-20 14:58:52 - Pedido não encontrado: 52e722cc-7274-4d12-b3f2-f140c6871350
2026-02-20 14:58:56 - Webhook recebido: {"id":"2b495b78-232a-449f-8f50-4204a3d9f0ae","event_type":"solo.transaction.updated","payload":{"client_transaction_id":"22d91832-15c4-40cd-bdca-242bdfdd4847","merchant_code":"MCTSYDUE","status":"failed","transaction_id":null},"timestamp":"2026-02-20T17:55:42.930095Z"}
2026-02-20 14:58:56 - Pedido não encontrado: 22d91832-15c4-40cd-bdca-242bdfdd4847
2026-02-20 15:03:09 - Webhook recebido: {"id":"07f574da-e601-4a20-8153-f2c9b18a80ab","event_type":"solo.transaction.updated","payload":{"client_transaction_id":"52e722cc-7274-4d12-b3f2-f140c6871350","merchant_code":"MCTSYDUE","status":"failed","transaction_id":null},"timestamp":"2026-02-20T17:55:38.726106Z"}
2026-02-20 15:03:09 - Pedido não encontrado: 52e722cc-7274-4d12-b3f2-f140c6871350
2026-02-20 15:03:12 - Webhook recebido: {"id":"2b495b78-232a-449f-8f50-4204a3d9f0ae","event_type":"solo.transaction.updated","payload":{"client_transaction_id":"22d91832-15c4-40cd-bdca-242bdfdd4847","merchant_code":"MCTSYDUE","status":"failed","transaction_id":null},"timestamp":"2026-02-20T17:55:42.930095Z"}
2026-02-20 15:03:12 - Pedido não encontrado: 22d91832-15c4-40cd-bdca-242bdfdd4847
2026-02-20 15:11:42 - Webhook recebido: {"id":"07f574da-e601-4a20-8153-f2c9b18a80ab","event_type":"solo.transaction.updated","payload":{"client_transaction_id":"52e722cc-7274-4d12-b3f2-f140c6871350","merchant_code":"MCTSYDUE","status":"failed","transaction_id":null},"timestamp":"2026-02-20T17:55:38.726106Z"}
2026-02-20 15:11:42 - Pedido não encontrado: 52e722cc-7274-4d12-b3f2-f140c6871350
2026-02-20 15:11:44 - Webhook recebido: {"id":"2b495b78-232a-449f-8f50-4204a3d9f0ae","event_type":"solo.transaction.updated","payload":{"client_transaction_id":"22d91832-15c4-40cd-bdca-242bdfdd4847","merchant_code":"MCTSYDUE","status":"failed","transaction_id":null},"timestamp":"2026-02-20T17:55:42.930095Z"}
2026-02-20 15:11:44 - Pedido não encontrado: 22d91832-15c4-40cd-bdca-242bdfdd4847
2026-02-20 15:26:58 - Webhook recebido: {"id":"caf2964b-96e8-424c-9d1e-cee2aed2c0b3","event_type":"solo.transaction.updated","payload":{"client_transaction_id":"18d62b8b-793d-4592-919b-20e9955de31b","merchant_code":"MCTSYDUE","status":"failed","transaction_id":null},"timestamp":"2026-02-20T18:26:57.532295Z"}
2026-02-20 15:26:58 - Pedido não encontrado: 18d62b8b-793d-4592-919b-20e9955de31b
2026-02-20 15:28:03 - Webhook recebido: {"id":"caf2964b-96e8-424c-9d1e-cee2aed2c0b3","event_type":"solo.transaction.updated","payload":{"client_transaction_id":"18d62b8b-793d-4592-919b-20e9955de31b","merchant_code":"MCTSYDUE","status":"failed","transaction_id":null},"timestamp":"2026-02-20T18:26:57.532295Z"}
2026-02-20 15:28:03 - Pedido não encontrado: 18d62b8b-793d-4592-919b-20e9955de31b
2026-02-20 15:28:46 - Webhook recebido: {"id":"07f574da-e601-4a20-8153-f2c9b18a80ab","event_type":"solo.transaction.updated","payload":{"client_transaction_id":"52e722cc-7274-4d12-b3f2-f140c6871350","merchant_code":"MCTSYDUE","status":"failed","transaction_id":null},"timestamp":"2026-02-20T17:55:38.726106Z"}
2026-02-20 15:28:46 - Pedido não encontrado: 52e722cc-7274-4d12-b3f2-f140c6871350
2026-02-20 15:28:49 - Webhook recebido: {"id":"2b495b78-232a-449f-8f50-4204a3d9f0ae","event_type":"solo.transaction.updated","payload":{"client_transaction_id":"22d91832-15c4-40cd-bdca-242bdfdd4847","merchant_code":"MCTSYDUE","status":"failed","transaction_id":null},"timestamp":"2026-02-20T17:55:42.930095Z"}
2026-02-20 15:28:49 - Pedido não encontrado: 22d91832-15c4-40cd-bdca-242bdfdd4847
2026-02-20 15:30:11 - Webhook recebido: {"id":"caf2964b-96e8-424c-9d1e-cee2aed2c0b3","event_type":"solo.transaction.updated","payload":{"client_transaction_id":"18d62b8b-793d-4592-919b-20e9955de31b","merchant_code":"MCTSYDUE","status":"failed","transaction_id":null},"timestamp":"2026-02-20T18:26:57.532295Z"}
2026-02-20 15:30:11 - Pedido não encontrado: 18d62b8b-793d-4592-919b-20e9955de31b
2026-02-20 15:34:28 - Webhook recebido: {"id":"caf2964b-96e8-424c-9d1e-cee2aed2c0b3","event_type":"solo.transaction.updated","payload":{"client_transaction_id":"18d62b8b-793d-4592-919b-20e9955de31b","merchant_code":"MCTSYDUE","status":"failed","transaction_id":null},"timestamp":"2026-02-20T18:26:57.532295Z"}
2026-02-20 15:34:28 - Pedido não encontrado: 18d62b8b-793d-4592-919b-20e9955de31b
2026-02-20 15:43:01 - Webhook recebido: {"id":"caf2964b-96e8-424c-9d1e-cee2aed2c0b3","event_type":"solo.transaction.updated","payload":{"client_transaction_id":"18d62b8b-793d-4592-919b-20e9955de31b","merchant_code":"MCTSYDUE","status":"failed","transaction_id":null},"timestamp":"2026-02-20T18:26:57.532295Z"}
2026-02-20 15:43:01 - Pedido não encontrado: 18d62b8b-793d-4592-919b-20e9955de31b
2026-02-20 15:45:23 - Webhook recebido: {"id":"1f9f1b09-07ee-4f1b-ab6d-cca6a763d79f","event_type":"solo.transaction.updated","payload":{"client_transaction_id":"784d4b3a-d07c-44b4-a30b-abef24352e33","merchant_code":"MCTSYDUE","status":"failed","transaction_id":null},"timestamp":"2026-02-20T18:45:22.576427Z"}
2026-02-20 15:45:23 - Order atualizada: 784d4b3a-d07c-44b4-a30b-abef24352e33 -> FAILED
2026-02-20 15:48:01 - Webhook recebido: {"id":"0b941f44-1379-4313-b3a5-745df8137911","event_type":"solo.transaction.updated","payload":{"client_transaction_id":"efd81cdf-f2b4-426f-a39b-aca713add788","merchant_code":"MCTSYDUE","status":"failed","transaction_id":null},"timestamp":"2026-02-20T18:48:00.613595Z"}
2026-02-20 15:48:01 - Order atualizada: efd81cdf-f2b4-426f-a39b-aca713add788 -> FAILED
2026-02-20 15:50:09 - Webhook recebido: {"id":"04c03768-fce3-482a-8853-32de07bb8f5e","event_type":"solo.transaction.updated","payload":{"client_transaction_id":"eba14426-b45c-4297-92e5-b6e194325e7a","merchant_code":"MCTSYDUE","status":"failed","transaction_id":null},"timestamp":"2026-02-20T18:50:08.616809Z"}
2026-02-20 15:50:09 - Order atualizada: eba14426-b45c-4297-92e5-b6e194325e7a -> FAILED
2026-02-20 15:51:32 - Webhook recebido: {"id":"e4d1be8d-573f-41ef-8398-b67a58e7756b","status":"SUCCESSFUL","event_type":"CHECKOUT_STATUS_CHANGED"}
2026-02-20 15:51:32 - Order atualizada: e4d1be8d-573f-41ef-8398-b67a58e7756b -> SUCCESSFUL
2026-02-20 15:54:41 - Webhook recebido: {"id":"51f6e086-b08c-43c6-818d-f123945cf32c","event_type":"solo.transaction.updated","payload":{"client_transaction_id":"25248b30-fca6-4d63-8b38-449ecc78beda","merchant_code":"MCTSYDUE","status":"failed","transaction_id":null},"timestamp":"2026-02-20T18:54:40.665015Z"}
2026-02-20 15:54:41 - Order atualizada: 25248b30-fca6-4d63-8b38-449ecc78beda -> FAILED
2026-02-20 15:59:49 - Webhook recebido: {"id":"f32c6f88-a3a9-4dd0-8c20-470d8cf38da9","event_type":"solo.transaction.updated","payload":{"client_transaction_id":"c6dbd81c-ffe2-4c9a-928f-2c14c0055fbe","merchant_code":"MCTSYDUE","status":"failed","transaction_id":"79181951-51ea-492a-a8aa-24a20a6d7791"},"timestamp":"2026-02-20T18:59:48.452703Z"}
2026-02-20 15:59:49 - Order atualizada: c6dbd81c-ffe2-4c9a-928f-2c14c0055fbe -> FAILED
2026-02-20 16:00:05 - Webhook recebido: {"id":"caf2964b-96e8-424c-9d1e-cee2aed2c0b3","event_type":"solo.transaction.updated","payload":{"client_transaction_id":"18d62b8b-793d-4592-919b-20e9955de31b","merchant_code":"MCTSYDUE","status":"failed","transaction_id":null},"timestamp":"2026-02-20T18:26:57.532295Z"}
2026-02-20 16:00:05 - Pedido não encontrado: 18d62b8b-793d-4592-919b-20e9955de31b
2026-02-20 16:02:55 - Webhook recebido: {"id":"07f574da-e601-4a20-8153-f2c9b18a80ab","event_type":"solo.transaction.updated","payload":{"client_transaction_id":"52e722cc-7274-4d12-b3f2-f140c6871350","merchant_code":"MCTSYDUE","status":"failed","transaction_id":null},"timestamp":"2026-02-20T17:55:38.726106Z"}
2026-02-20 16:02:55 - Pedido não encontrado: 52e722cc-7274-4d12-b3f2-f140c6871350
2026-02-20 16:02:57 - Webhook recebido: {"id":"2b495b78-232a-449f-8f50-4204a3d9f0ae","event_type":"solo.transaction.updated","payload":{"client_transaction_id":"22d91832-15c4-40cd-bdca-242bdfdd4847","merchant_code":"MCTSYDUE","status":"failed","transaction_id":null},"timestamp":"2026-02-20T17:55:42.930095Z"}
2026-02-20 16:02:57 - Pedido não encontrado: 22d91832-15c4-40cd-bdca-242bdfdd4847
2026-02-20 16:30:49 - Webhook recebido: {"id":"c3b78f88-a0a9-4f7f-86a9-bd12ab978eaf","event_type":"solo.transaction.updated","payload":{"client_transaction_id":"a0a56ff5-81cc-406d-a4d1-b426b997d7e4","merchant_code":"MCTSYDUE","status":"failed","transaction_id":"4f042240-0194-4713-85e6-2cf84aef785a"},"timestamp":"2026-02-20T19:30:48.512924Z"}
2026-02-20 16:30:49 - Order atualizada: a0a56ff5-81cc-406d-a4d1-b426b997d7e4 -> FAILED
2026-02-20 16:34:14 - Webhook recebido: {"id":"caf2964b-96e8-424c-9d1e-cee2aed2c0b3","event_type":"solo.transaction.updated","payload":{"client_transaction_id":"18d62b8b-793d-4592-919b-20e9955de31b","merchant_code":"MCTSYDUE","status":"failed","transaction_id":null},"timestamp":"2026-02-20T18:26:57.532295Z"}
2026-02-20 16:34:14 - Pedido não encontrado: 18d62b8b-793d-4592-919b-20e9955de31b
2026-02-20 16:41:39 - Webhook recebido: {"id":"ccc980f0-b231-4936-9201-d09c52ca79f0","event_type":"solo.transaction.updated","payload":{"client_transaction_id":"ff4cdeac-aa91-4f32-a51b-06d1eb1bca8f","merchant_code":"MCTSYDUE","status":"failed","transaction_id":null},"timestamp":"2026-02-20T19:41:38.617140Z"}
2026-02-20 16:41:39 - Order atualizada: ff4cdeac-aa91-4f32-a51b-06d1eb1bca8f -> FAILED
2026-02-20 16:44:13 - Webhook recebido: {"id":"6494c637-337a-478a-8b6b-3831f5df3421","event_type":"solo.transaction.updated","payload":{"client_transaction_id":"d435b3ff-c06b-4f8c-8433-460c2e6c5ac2","merchant_code":"MCTSYDUE","status":"failed","transaction_id":null},"timestamp":"2026-02-20T19:44:12.529769Z"}
2026-02-20 16:44:13 - Order atualizada: d435b3ff-c06b-4f8c-8433-460c2e6c5ac2 -> FAILED
2026-02-20 16:48:15 - Webhook recebido: {"id":"2994173f-007a-49ec-8c07-a4339fb9e097","event_type":"solo.transaction.updated","payload":{"client_transaction_id":"837b20af-055d-4cbb-a9f9-0872b725f558","merchant_code":"MCTSYDUE","status":"failed","transaction_id":null},"timestamp":"2026-02-20T19:48:14.556350Z"}
2026-02-20 16:48:15 - Pedido não encontrado: 837b20af-055d-4cbb-a9f9-0872b725f558
2026-02-20 16:49:20 - Webhook recebido: {"id":"2994173f-007a-49ec-8c07-a4339fb9e097","event_type":"solo.transaction.updated","payload":{"client_transaction_id":"837b20af-055d-4cbb-a9f9-0872b725f558","merchant_code":"MCTSYDUE","status":"failed","transaction_id":null},"timestamp":"2026-02-20T19:48:14.556350Z"}
2026-02-20 16:49:20 - Pedido não encontrado: 837b20af-055d-4cbb-a9f9-0872b725f558
2026-02-20 16:49:33 - Webhook recebido: {"id":"54fd3406-a0bf-448f-9eb7-218a86d8b87c","event_type":"solo.transaction.updated","payload":{"client_transaction_id":"f807504b-f76c-4d47-96a2-2a96a9ea3776","merchant_code":"MCTSYDUE","status":"failed","transaction_id":null},"timestamp":"2026-02-20T19:49:33.084252Z"}
2026-02-20 16:49:33 - Pedido não encontrado: f807504b-f76c-4d47-96a2-2a96a9ea3776
2026-02-20 16:50:38 - Webhook recebido: {"id":"54fd3406-a0bf-448f-9eb7-218a86d8b87c","event_type":"solo.transaction.updated","payload":{"client_transaction_id":"f807504b-f76c-4d47-96a2-2a96a9ea3776","merchant_code":"MCTSYDUE","status":"failed","transaction_id":null},"timestamp":"2026-02-20T19:49:33.084252Z"}
2026-02-20 16:50:38 - Pedido não encontrado: f807504b-f76c-4d47-96a2-2a96a9ea3776
2026-02-20 16:51:28 - Webhook recebido: {"id":"2994173f-007a-49ec-8c07-a4339fb9e097","event_type":"solo.transaction.updated","payload":{"client_transaction_id":"837b20af-055d-4cbb-a9f9-0872b725f558","merchant_code":"MCTSYDUE","status":"failed","transaction_id":null},"timestamp":"2026-02-20T19:48:14.556350Z"}
2026-02-20 16:51:28 - Pedido não encontrado: 837b20af-055d-4cbb-a9f9-0872b725f558
2026-02-20 16:52:46 - Webhook recebido: {"id":"54fd3406-a0bf-448f-9eb7-218a86d8b87c","event_type":"solo.transaction.updated","payload":{"client_transaction_id":"f807504b-f76c-4d47-96a2-2a96a9ea3776","merchant_code":"MCTSYDUE","status":"failed","transaction_id":null},"timestamp":"2026-02-20T19:49:33.084252Z"}
2026-02-20 16:52:46 - Pedido não encontrado: f807504b-f76c-4d47-96a2-2a96a9ea3776
2026-02-20 16:55:45 - Webhook recebido: {"id":"2994173f-007a-49ec-8c07-a4339fb9e097","event_type":"solo.transaction.updated","payload":{"client_transaction_id":"837b20af-055d-4cbb-a9f9-0872b725f558","merchant_code":"MCTSYDUE","status":"failed","transaction_id":null},"timestamp":"2026-02-20T19:48:14.556350Z"}
2026-02-20 16:55:45 - Pedido não encontrado: 837b20af-055d-4cbb-a9f9-0872b725f558
2026-02-20 16:57:03 - Webhook recebido: {"id":"54fd3406-a0bf-448f-9eb7-218a86d8b87c","event_type":"solo.transaction.updated","payload":{"client_transaction_id":"f807504b-f76c-4d47-96a2-2a96a9ea3776","merchant_code":"MCTSYDUE","status":"failed","transaction_id":null},"timestamp":"2026-02-20T19:49:33.084252Z"}
2026-02-20 16:57:03 - Pedido não encontrado: f807504b-f76c-4d47-96a2-2a96a9ea3776
2026-02-20 16:57:56 - Webhook recebido: {"id":"c6a5c911-e2a8-4f31-868b-ec07097f87a9","event_type":"solo.transaction.updated","payload":{"client_transaction_id":"32faffdd-9217-4c62-bf9a-010afcc2c726","merchant_code":"MCTSYDUE","status":"failed","transaction_id":"47d9a9c7-8293-41d3-9924-a80e8fb8868a"},"timestamp":"2026-02-20T19:57:55.376985Z"}
2026-02-20 16:57:56 - Order atualizada: 32faffdd-9217-4c62-bf9a-010afcc2c726 -> FAILED
2026-02-20 17:04:18 - Webhook recebido: {"id":"2994173f-007a-49ec-8c07-a4339fb9e097","event_type":"solo.transaction.updated","payload":{"client_transaction_id":"837b20af-055d-4cbb-a9f9-0872b725f558","merchant_code":"MCTSYDUE","status":"failed","transaction_id":null},"timestamp":"2026-02-20T19:48:14.556350Z"}
2026-02-20 17:04:18 - Pedido não encontrado: 837b20af-055d-4cbb-a9f9-0872b725f558
2026-02-20 17:05:36 - Webhook recebido: {"id":"54fd3406-a0bf-448f-9eb7-218a86d8b87c","event_type":"solo.transaction.updated","payload":{"client_transaction_id":"f807504b-f76c-4d47-96a2-2a96a9ea3776","merchant_code":"MCTSYDUE","status":"failed","transaction_id":null},"timestamp":"2026-02-20T19:49:33.084252Z"}
2026-02-20 17:05:36 - Pedido não encontrado: f807504b-f76c-4d47-96a2-2a96a9ea3776
2026-02-20 17:11:11 - Webhook recebido: {"id":"07f574da-e601-4a20-8153-f2c9b18a80ab","event_type":"solo.transaction.updated","payload":{"client_transaction_id":"52e722cc-7274-4d12-b3f2-f140c6871350","merchant_code":"MCTSYDUE","status":"failed","transaction_id":null},"timestamp":"2026-02-20T17:55:38.726106Z"}
2026-02-20 17:11:11 - Pedido não encontrado: 52e722cc-7274-4d12-b3f2-f140c6871350
2026-02-20 17:11:14 - Webhook recebido: {"id":"2b495b78-232a-449f-8f50-4204a3d9f0ae","event_type":"solo.transaction.updated","payload":{"client_transaction_id":"22d91832-15c4-40cd-bdca-242bdfdd4847","merchant_code":"MCTSYDUE","status":"failed","transaction_id":null},"timestamp":"2026-02-20T17:55:42.930095Z"}
2026-02-20 17:11:14 - Pedido não encontrado: 22d91832-15c4-40cd-bdca-242bdfdd4847
2026-02-20 17:11:28 - Webhook recebido: {"id":"ea379853-0458-47f2-b54f-9da6d52ded5d","event_type":"solo.transaction.updated","payload":{"client_transaction_id":"94748626-c044-4930-86d2-25d7295842ae","merchant_code":"MCTSYDUE","status":"failed","transaction_id":null},"timestamp":"2026-02-20T20:11:27.612969Z"}
2026-02-20 17:11:28 - Order atualizada: 94748626-c044-4930-86d2-25d7295842ae -> FAILED
2026-02-20 17:13:16 - Webhook recebido: {"id":"86593211-41b5-4c03-b18f-255e3bafebf0","event_type":"solo.transaction.updated","payload":{"client_transaction_id":"411339d6-a984-4a8e-ab6f-4358213d11fa","merchant_code":"MCTSYDUE","status":"failed","transaction_id":"0bf56bc8-a96e-4ed2-867a-4492cb437973"},"timestamp":"2026-02-20T20:13:15.541594Z"}
2026-02-20 17:13:16 - Order atualizada: 411339d6-a984-4a8e-ab6f-4358213d11fa -> FAILED
2026-02-20 17:21:22 - Webhook recebido: {"id":"2994173f-007a-49ec-8c07-a4339fb9e097","event_type":"solo.transaction.updated","payload":{"client_transaction_id":"837b20af-055d-4cbb-a9f9-0872b725f558","merchant_code":"MCTSYDUE","status":"failed","transaction_id":null},"timestamp":"2026-02-20T19:48:14.556350Z"}
2026-02-20 17:21:22 - Pedido não encontrado: 837b20af-055d-4cbb-a9f9-0872b725f558
2026-02-20 17:22:40 - Webhook recebido: {"id":"54fd3406-a0bf-448f-9eb7-218a86d8b87c","event_type":"solo.transaction.updated","payload":{"client_transaction_id":"f807504b-f76c-4d47-96a2-2a96a9ea3776","merchant_code":"MCTSYDUE","status":"failed","transaction_id":null},"timestamp":"2026-02-20T19:49:33.084252Z"}
2026-02-20 17:22:40 - Pedido não encontrado: f807504b-f76c-4d47-96a2-2a96a9ea3776
2026-02-20 17:25:55 - Webhook recebido: {"id":"e9a8884d-ccd1-40b1-b3c8-aceeaf06b34f","event_type":"solo.transaction.updated","payload":{"client_transaction_id":"bd4b51e5-6bab-456e-ba3c-a726b67a5b70","merchant_code":"MCTSYDUE","status":"failed","transaction_id":"5d5322da-8e63-4bb9-b9db-927f2630cbf6"},"timestamp":"2026-02-20T20:25:55.333812Z"}
2026-02-20 17:25:55 - Order atualizada: bd4b51e5-6bab-456e-ba3c-a726b67a5b70 -> FAILED
2026-02-20 17:29:48 - Webhook recebido: {"id":"dd082300-99f4-4f7a-8573-9682fa1b0756","event_type":"solo.transaction.updated","payload":{"client_transaction_id":"e3a1c3cb-e47c-41d2-ba37-2ad5be8b2936","merchant_code":"MCTSYDUE","status":"failed","transaction_id":"5a7be303-a46a-4096-8f1a-40a16aa62bcb"},"timestamp":"2026-02-20T20:29:48.141277Z"}
2026-02-20 17:29:48 - Order atualizada: e3a1c3cb-e47c-41d2-ba37-2ad5be8b2936 -> FAILED
2026-02-20 17:42:31 - Webhook recebido: {"id":"caf2964b-96e8-424c-9d1e-cee2aed2c0b3","event_type":"solo.transaction.updated","payload":{"client_transaction_id":"18d62b8b-793d-4592-919b-20e9955de31b","merchant_code":"MCTSYDUE","status":"failed","transaction_id":null},"timestamp":"2026-02-20T18:26:57.532295Z"}
2026-02-20 17:42:31 - Pedido não encontrado: 18d62b8b-793d-4592-919b-20e9955de31b
2026-02-20 17:55:31 - Webhook recebido: {"id":"2994173f-007a-49ec-8c07-a4339fb9e097","event_type":"solo.transaction.updated","payload":{"client_transaction_id":"837b20af-055d-4cbb-a9f9-0872b725f558","merchant_code":"MCTSYDUE","status":"failed","transaction_id":null},"timestamp":"2026-02-20T19:48:14.556350Z"}
2026-02-20 17:55:31 - Pedido não encontrado: 837b20af-055d-4cbb-a9f9-0872b725f558
2026-02-20 17:56:49 - Webhook recebido: {"id":"54fd3406-a0bf-448f-9eb7-218a86d8b87c","event_type":"solo.transaction.updated","payload":{"client_transaction_id":"f807504b-f76c-4d47-96a2-2a96a9ea3776","merchant_code":"MCTSYDUE","status":"failed","transaction_id":null},"timestamp":"2026-02-20T19:49:33.084252Z"}
2026-02-20 17:56:49 - Pedido não encontrado: f807504b-f76c-4d47-96a2-2a96a9ea3776
2026-02-20 19:03:48 - Webhook recebido: {"id":"2994173f-007a-49ec-8c07-a4339fb9e097","event_type":"solo.transaction.updated","payload":{"client_transaction_id":"837b20af-055d-4cbb-a9f9-0872b725f558","merchant_code":"MCTSYDUE","status":"failed","transaction_id":null},"timestamp":"2026-02-20T19:48:14.556350Z"}
2026-02-20 19:03:48 - Pedido não encontrado: 837b20af-055d-4cbb-a9f9-0872b725f558
2026-02-20 19:05:06 - Webhook recebido: {"id":"54fd3406-a0bf-448f-9eb7-218a86d8b87c","event_type":"solo.transaction.updated","payload":{"client_transaction_id":"f807504b-f76c-4d47-96a2-2a96a9ea3776","merchant_code":"MCTSYDUE","status":"failed","transaction_id":null},"timestamp":"2026-02-20T19:49:33.084252Z"}
2026-02-20 19:05:06 - Pedido não encontrado: f807504b-f76c-4d47-96a2-2a96a9ea3776
2026-02-20 19:27:44 - Webhook recebido: {"id":"07f574da-e601-4a20-8153-f2c9b18a80ab","event_type":"solo.transaction.updated","payload":{"client_transaction_id":"52e722cc-7274-4d12-b3f2-f140c6871350","merchant_code":"MCTSYDUE","status":"failed","transaction_id":null},"timestamp":"2026-02-20T17:55:38.726106Z"}
2026-02-20 19:27:44 - Pedido não encontrado: 52e722cc-7274-4d12-b3f2-f140c6871350
2026-02-20 19:27:46 - Webhook recebido: {"id":"2b495b78-232a-449f-8f50-4204a3d9f0ae","event_type":"solo.transaction.updated","payload":{"client_transaction_id":"22d91832-15c4-40cd-bdca-242bdfdd4847","merchant_code":"MCTSYDUE","status":"failed","transaction_id":null},"timestamp":"2026-02-20T17:55:42.930095Z"}
2026-02-20 19:27:46 - Pedido não encontrado: 22d91832-15c4-40cd-bdca-242bdfdd4847
2026-02-20 19:59:03 - Webhook recebido: {"id":"caf2964b-96e8-424c-9d1e-cee2aed2c0b3","event_type":"solo.transaction.updated","payload":{"client_transaction_id":"18d62b8b-793d-4592-919b-20e9955de31b","merchant_code":"MCTSYDUE","status":"failed","transaction_id":null},"timestamp":"2026-02-20T18:26:57.532295Z"}
2026-02-20 19:59:03 - Pedido não encontrado: 18d62b8b-793d-4592-919b-20e9955de31b
2026-02-20 21:20:21 - Webhook recebido: {"id":"2994173f-007a-49ec-8c07-a4339fb9e097","event_type":"solo.transaction.updated","payload":{"client_transaction_id":"837b20af-055d-4cbb-a9f9-0872b725f558","merchant_code":"MCTSYDUE","status":"failed","transaction_id":null},"timestamp":"2026-02-20T19:48:14.556350Z"}
2026-02-20 21:20:21 - Pedido não encontrado: 837b20af-055d-4cbb-a9f9-0872b725f558
2026-02-20 21:21:39 - Webhook recebido: {"id":"54fd3406-a0bf-448f-9eb7-218a86d8b87c","event_type":"solo.transaction.updated","payload":{"client_transaction_id":"f807504b-f76c-4d47-96a2-2a96a9ea3776","merchant_code":"MCTSYDUE","status":"failed","transaction_id":null},"timestamp":"2026-02-20T19:49:33.084252Z"}
2026-02-20 21:21:39 - Pedido não encontrado: f807504b-f76c-4d47-96a2-2a96a9ea3776
2026-02-21 00:00:51 - Webhook recebido: {"id":"2b495b78-232a-449f-8f50-4204a3d9f0ae","event_type":"solo.transaction.updated","payload":{"client_transaction_id":"22d91832-15c4-40cd-bdca-242bdfdd4847","merchant_code":"MCTSYDUE","status":"failed","transaction_id":null},"timestamp":"2026-02-20T17:55:42.930095Z"}
2026-02-21 00:00:51 - Pedido não encontrado: 22d91832-15c4-40cd-bdca-242bdfdd4847
2026-02-21 00:00:51 - Webhook recebido: {"id":"07f574da-e601-4a20-8153-f2c9b18a80ab","event_type":"solo.transaction.updated","payload":{"client_transaction_id":"52e722cc-7274-4d12-b3f2-f140c6871350","merchant_code":"MCTSYDUE","status":"failed","transaction_id":null},"timestamp":"2026-02-20T17:55:38.726106Z"}
2026-02-21 00:00:51 - Pedido não encontrado: 52e722cc-7274-4d12-b3f2-f140c6871350
2026-02-21 00:32:08 - Webhook recebido: {"id":"caf2964b-96e8-424c-9d1e-cee2aed2c0b3","event_type":"solo.transaction.updated","payload":{"client_transaction_id":"18d62b8b-793d-4592-919b-20e9955de31b","merchant_code":"MCTSYDUE","status":"failed","transaction_id":null},"timestamp":"2026-02-20T18:26:57.532295Z"}
2026-02-21 00:32:08 - Pedido não encontrado: 18d62b8b-793d-4592-919b-20e9955de31b
2026-02-21 01:53:25 - Webhook recebido: {"id":"2994173f-007a-49ec-8c07-a4339fb9e097","event_type":"solo.transaction.updated","payload":{"client_transaction_id":"837b20af-055d-4cbb-a9f9-0872b725f558","merchant_code":"MCTSYDUE","status":"failed","transaction_id":null},"timestamp":"2026-02-20T19:48:14.556350Z"}
2026-02-21 01:53:25 - Pedido não encontrado: 837b20af-055d-4cbb-a9f9-0872b725f558
2026-02-21 01:54:43 - Webhook recebido: {"id":"54fd3406-a0bf-448f-9eb7-218a86d8b87c","event_type":"solo.transaction.updated","payload":{"client_transaction_id":"f807504b-f76c-4d47-96a2-2a96a9ea3776","merchant_code":"MCTSYDUE","status":"failed","transaction_id":null},"timestamp":"2026-02-20T19:49:33.084252Z"}
2026-02-21 01:54:43 - Pedido não encontrado: f807504b-f76c-4d47-96a2-2a96a9ea3776
